<?xml version="1.0" encoding="utf-8"?><testsuites><testsuite name="pytest" errors="0" failures="0" skipped="0" tests="6" time="4.406" timestamp="2022-09-13T00:43:57.640596" hostname="fv-az173-312"><testcase classname="tests.functional.test_get_vehicle_info" name="test_get_vehicle" time="3.229" /><testcase classname="tests.functional.test_get_vehicle_info" name="test_get_vehicle_without_image" time="0.005" /><testcase classname="tests.functional.test_get_vehicle_info" name="test_get_vehicle_invalid_image_type" time="0.007" /><testcase classname="tests.unit.test_get_price" name="test_get_price" time="0.964" /><testcase classname="tests.unit.test_predict" name="test_predict" time="0.106" /><testcase classname="tests.unit.test_reshape_image" name="test_reshape_image" time="0.005" /></testsuite></testsuites>